mode: atomic
github.com/topfreegames/eventsgateway/client/client.go:39.83,55.2 4 4
github.com/topfreegames/eventsgateway/client/client.go:58.71,65.16 4 3
github.com/topfreegames/eventsgateway/client/client.go:68.2,69.12 2 3
github.com/topfreegames/eventsgateway/client/client.go:65.16,67.3 1 2
github.com/topfreegames/eventsgateway/client/client.go:73.85,81.16 4 1
github.com/topfreegames/eventsgateway/client/client.go:84.2,85.12 2 1
github.com/topfreegames/eventsgateway/client/client.go:81.16,83.3 1 0
github.com/topfreegames/eventsgateway/client/client.go:97.9,105.15 4 0
github.com/topfreegames/eventsgateway/client/client.go:114.2,116.16 2 0
github.com/topfreegames/eventsgateway/client/client.go:122.2,122.12 1 0
github.com/topfreegames/eventsgateway/client/client.go:105.15,112.3 3 0
github.com/topfreegames/eventsgateway/client/client.go:116.16,119.3 2 0
github.com/topfreegames/eventsgateway/client/client.go:119.3,121.3 1 0
github.com/topfreegames/eventsgateway/client/client.go:125.90,126.65 1 12
github.com/topfreegames/eventsgateway/client/client.go:129.2,130.19 2 12
github.com/topfreegames/eventsgateway/client/client.go:134.2,135.27 2 11
github.com/topfreegames/eventsgateway/client/client.go:139.2,145.19 2 10
github.com/topfreegames/eventsgateway/client/client.go:150.2,160.16 4 0
github.com/topfreegames/eventsgateway/client/client.go:163.2,164.12 2 0
github.com/topfreegames/eventsgateway/client/client.go:126.65,128.3 1 0
github.com/topfreegames/eventsgateway/client/client.go:130.19,132.3 1 1
github.com/topfreegames/eventsgateway/client/client.go:135.27,137.3 1 1
github.com/topfreegames/eventsgateway/client/client.go:145.19,148.3 2 10
github.com/topfreegames/eventsgateway/client/client.go:160.16,162.3 1 0
github.com/topfreegames/eventsgateway/client/client.go:168.134,174.16 3 12
github.com/topfreegames/eventsgateway/client/client.go:178.2,178.15 1 10
github.com/topfreegames/eventsgateway/client/client.go:174.16,177.3 2 2
